This file contains any messages produced by compilers while
running configure, to aid debugging if configure makes a mistake.

It was created by GoSam_Process-gghh configure 1.0, which was
generated by GNU Autoconf 2.69.  Invocation command line was

  $ ./configure 

## --------- ##
## Platform. ##
## --------- ##

hostname = pcatlas21
uname -m = x86_64
uname -r = 3.13.0-98-generic
uname -s = Linux
uname -v = #145-Ubuntu SMP Sat Oct 8 20:13:07 UTC 2016

/usr/bin/uname -p = unknown
/bin/uname -X     = unknown

/bin/arch              = unknown
/usr/bin/arch -k       = unknown
/usr/convex/getsysinfo = unknown
/usr/bin/hostinfo      = unknown
/bin/machine           = unknown
/usr/bin/oslevel       = unknown
/bin/universe          = unknown

PATH: /home/iwsatlas1/scyboz/Work/GCC-6.2.0/bin
PATH: /home/iwsatlas1/scyboz/Work/GCC-5.4.0/bin
PATH: /home/iwsatlas1/scyboz/Work/local/bin
PATH: /home/iwsatlas1/scyboz/Work
PATH: /home/iwsatlas1/scyboz/Work/Herwig/bin
PATH: /home/iwsatlas1/scyboz/Work/RIVET-2.5.2/bin
PATH: /home/iwsatlas1/scyboz/Work/YODA-1.6.6/lib/../bin
PATH: /home/iwsatlas1/scyboz/Work/GCC-6.2.0/bin
PATH: /home/iwsatlas1/scyboz/Work/GCC-6.2.0/bin
PATH: /home/iwsatlas1/scyboz/Work/LHAPDF-6.1.5/bin
PATH: /usr/local/sbin
PATH: /usr/local/bin
PATH: /usr/sbin
PATH: /usr/bin
PATH: /sbin
PATH: /bin
PATH: /usr/games
PATH: /home/iwsatlas1/scyboz/intel/bin/
PATH: /home/iwsatlas1/scyboz/Work/Professor/Professor-2.1.4/bin/
PATH: /home/iwsatlas1/scyboz/Work/local/bin
PATH: /home/iwsatlas1/scyboz/Work/FASTJET-3.2.0/bin
PATH: /home/iwsatlas1/scyboz/Work/Makedepf90/bin


## ----------- ##
## Core tests. ##
## ----------- ##

configure:2283: checking for a BSD-compatible install
configure:2351: result: /usr/bin/install -c
configure:2362: checking whether build environment is sane
configure:2417: result: yes
configure:2568: checking for a thread-safe mkdir -p
configure:2607: result: /bin/mkdir -p
configure:2614: checking for gawk
configure:2630: found /usr/bin/gawk
configure:2641: result: gawk
configure:2652: checking whether make sets $(MAKE)
configure:2674: result: yes
configure:2703: checking whether make supports nested variables
configure:2720: result: yes
configure:2790: checking how to create a pax tar archive
configure:2801: tar --version
tar (GNU tar) 1.27.1
Copyright (C) 2013 Free Software Foundation, Inc.
License GPLv3+: GNU GPL version 3 or later <http://gnu.org/licenses/gpl.html>.
This is free software: you are free to change and redistribute it.
There is NO WARRANTY, to the extent permitted by law.

Written by John Gilmore and Jay Fenlason.
configure:2804: $? = 0
configure:2844: tardir=conftest.dir && eval tar --format=posix -chf - "$tardir" >conftest.tar
configure:2847: $? = 0
configure:2851: tar -xf - <conftest.tar
configure:2854: $? = 0
configure:2856: cat conftest.dir/file
GrepMe
configure:2859: $? = 0
configure:2872: result: gnutar
configure:3034: checking for Fortran compiler version
configure:3043: gfortran --version >&5
GNU Fortran (GCC) 6.2.0
Copyright (C) 2016 Free Software Foundation, Inc.
This is free software; see the source for copying conditions.  There is NO
warranty; not even for MERCHANTABILITY or FITNESS FOR A PARTICULAR PURPOSE.

configure:3054: $? = 0
configure:3043: gfortran -v >&5
Using built-in specs.
COLLECT_GCC=gfortran
COLLECT_LTO_WRAPPER=/home/iwsatlas1/scyboz/Work/GCC-6.2.0/libexec/gcc/x86_64-pc-linux-gnu/6.2.0/lto-wrapper
Target: x86_64-pc-linux-gnu
Configured with: ./configure --prefix=/home/iwsatlas1/scyboz/Work/GCC-6.2.0 --with-gmp=/home/iwsatlas1/scyboz/Work/GMP-6.1.1/ --with-mpfr=/home/iwsatlas1/scyboz/Work/MPFR-3.1.5/ --with-mpc=/home/iwsatlas1/scyboz/Work/MPC-1.0/
Thread model: posix
gcc version 6.2.0 (GCC) 
configure:3054: $? = 0
configure:3043: gfortran -V >&5
gfortran: error: unrecognized command line option '-V'
gfortran: fatal error: no input files
compilation terminated.
configure:3054: $? = 1
configure:3043: gfortran -qversion >&5
gfortran: error: unrecognized command line option '-qversion'; did you mean '--version'?
gfortran: fatal error: no input files
compilation terminated.
configure:3054: $? = 1
configure:3069: checking whether the Fortran compiler works
configure:3091: gfortran    conftest.f  >&5
configure:3095: $? = 0
configure:3143: result: yes
configure:3146: checking for Fortran compiler default output file name
configure:3148: result: a.out
configure:3154: checking for suffix of executables
configure:3161: gfortran -o conftest    conftest.f  >&5
configure:3165: $? = 0
configure:3187: result: 
configure:3203: checking whether we are cross compiling
configure:3211: gfortran -o conftest    conftest.f  >&5
configure:3215: $? = 0
configure:3222: ./conftest
configure:3226: $? = 0
configure:3241: result: no
configure:3246: checking for suffix of object files
configure:3262: gfortran -c   conftest.f >&5
configure:3266: $? = 0
configure:3287: result: o
configure:3295: checking whether we are using the GNU Fortran compiler
configure:3308: gfortran -c   conftest.F >&5
configure:3308: $? = 0
configure:3317: result: yes
configure:3323: checking whether gfortran accepts -g
configure:3334: gfortran -c -g  conftest.f >&5
configure:3334: $? = 0
configure:3342: result: yes
configure:3374: checking build system type
configure:3388: result: x86_64-unknown-linux-gnu
configure:3408: checking host system type
configure:3421: result: x86_64-unknown-linux-gnu
configure:3446: checking how to get verbose linking output from gfortran
configure:3456: gfortran -c -g -O2  conftest.f >&5
configure:3456: $? = 0
configure:3474: gfortran -o conftest -g -O2 -v conftest.f
Using built-in specs.
Target: x86_64-pc-linux-gnu
Thread model: posix
gcc version 6.2.0 (GCC) 
 /home/iwsatlas1/scyboz/Work/GCC-6.2.0/libexec/gcc/x86_64-pc-linux-gnu/6.2.0/f951 conftest.f -ffixed-form -quiet -dumpbase conftest.f -mtune=generic -march=x86-64 -auxbase conftest -g -O2 -version -fintrinsic-modules-path /home/iwsatlas1/scyboz/Work/GCC-6.2.0/lib/gcc/x86_64-pc-linux-gnu/6.2.0/finclude -o /tmp/cctqf5NE.s
GNU Fortran (GCC) version 6.2.0 (x86_64-pc-linux-gnu)
	compiled by GNU C version 6.2.0, GMP version 6.1.1, MPFR version 3.1.5, MPC version 1.0.1, isl version none
warning: GMP header version 6.1.1 differs from library version 5.1.3.
warning: MPFR header version 3.1.5 differs from library version 3.1.2-p3.
GGC heuristics: --param ggc-min-expand=100 --param ggc-min-heapsize=131072
GNU Fortran2008 (GCC) version 6.2.0 (x86_64-pc-linux-gnu)
	compiled by GNU C version 6.2.0, GMP version 6.1.1, MPFR version 3.1.5, MPC version 1.0.1, isl version none
warning: GMP header version 6.1.1 differs from library version 5.1.3.
warning: MPFR header version 3.1.5 differs from library version 3.1.2-p3.
GGC heuristics: --param ggc-min-expand=100 --param ggc-min-heapsize=131072
 as -v --64 -o /tmp/ccwgRmRk.o /tmp/cctqf5NE.s
GNU assembler version 2.24 (x86_64-linux-gnu) using BFD version (GNU Binutils for Ubuntu) 2.24
Reading specs from /home/iwsatlas1/scyboz/Work/GCC-6.2.0/lib/gcc/x86_64-pc-linux-gnu/6.2.0/../../../../lib64/libgfortran.spec
rename spec lib to liborig
 /home/iwsatlas1/scyboz/Work/GCC-6.2.0/libexec/gcc/x86_64-pc-linux-gnu/6.2.0/collect2 -plugin /home/iwsatlas1/scyboz/Work/GCC-6.2.0/libexec/gcc/x86_64-pc-linux-gnu/6.2.0/liblto_plugin.so -plugin-opt=/home/iwsatlas1/scyboz/Work/GCC-6.2.0/libexec/gcc/x86_64-pc-linux-gnu/6.2.0/lto-wrapper -plugin-opt=-fresolution=/tmp/cczpMtX0.res -plugin-opt=-pass-through=-lgcc_s -plugin-opt=-pass-through=-lgcc -plugin-opt=-pass-through=-lquadmath -plugin-opt=-pass-through=-lm -plugin-opt=-pass-through=-lgcc_s -plugin-opt=-pass-through=-lgcc -plugin-opt=-pass-through=-lc -plugin-opt=-pass-through=-lgcc_s -plugin-opt=-pass-through=-lgcc --eh-frame-hdr -m elf_x86_64 -dynamic-linker /lib64/ld-linux-x86-64.so.2 -o conftest /usr/lib/x86_64-linux-gnu/crt1.o /usr/lib/x86_64-linux-gnu/crti.o /home/iwsatlas1/scyboz/Work/GCC-6.2.0/lib/gcc/x86_64-pc-linux-gnu/6.2.0/crtbegin.o -L/home/iwsatlas1/scyboz/Work/GCC-6.2.0/lib/gcc/x86_64-pc-linux-gnu/6.2.0 -L/home/iwsatlas1/scyboz/Work/GCC-6.2.0/lib/gcc/x86_64-pc-linux-gnu/6.2.0/../../../../lib64 -L/lib/x86_64-linux-gnu -L/lib/../lib64 -L/usr/lib/x86_64-linux-gnu -L/usr/lib/../lib64 -L/home/iwsatlas1/scyboz/Work/GCC-6.2.0/lib/gcc/x86_64-pc-linux-gnu/6.2.0/../../.. /tmp/ccwgRmRk.o -lgfortran -lm -lgcc_s -lgcc -lquadmath -lm -lgcc_s -lgcc -lc -lgcc_s -lgcc /home/iwsatlas1/scyboz/Work/GCC-6.2.0/lib/gcc/x86_64-pc-linux-gnu/6.2.0/crtend.o /usr/lib/x86_64-linux-gnu/crtn.o
configure:3557: result: -v
configure:3559: checking for Fortran libraries of gfortran
configure:3582: gfortran -o conftest -g -O2 -v conftest.f
Using built-in specs.
Target: x86_64-pc-linux-gnu
Thread model: posix
gcc version 6.2.0 (GCC) 
 /home/iwsatlas1/scyboz/Work/GCC-6.2.0/libexec/gcc/x86_64-pc-linux-gnu/6.2.0/f951 conftest.f -ffixed-form -quiet -dumpbase conftest.f -mtune=generic -march=x86-64 -auxbase conftest -g -O2 -version -fintrinsic-modules-path /home/iwsatlas1/scyboz/Work/GCC-6.2.0/lib/gcc/x86_64-pc-linux-gnu/6.2.0/finclude -o /tmp/cc32qOjM.s
GNU Fortran (GCC) version 6.2.0 (x86_64-pc-linux-gnu)
	compiled by GNU C version 6.2.0, GMP version 6.1.1, MPFR version 3.1.5, MPC version 1.0.1, isl version none
warning: GMP header version 6.1.1 differs from library version 5.1.3.
warning: MPFR header version 3.1.5 differs from library version 3.1.2-p3.
GGC heuristics: --param ggc-min-expand=100 --param ggc-min-heapsize=131072
GNU Fortran2008 (GCC) version 6.2.0 (x86_64-pc-linux-gnu)
	compiled by GNU C version 6.2.0, GMP version 6.1.1, MPFR version 3.1.5, MPC version 1.0.1, isl version none
warning: GMP header version 6.1.1 differs from library version 5.1.3.
warning: MPFR header version 3.1.5 differs from library version 3.1.2-p3.
GGC heuristics: --param ggc-min-expand=100 --param ggc-min-heapsize=131072
 as -v --64 -o /tmp/ccbbREKs.o /tmp/cc32qOjM.s
GNU assembler version 2.24 (x86_64-linux-gnu) using BFD version (GNU Binutils for Ubuntu) 2.24
Reading specs from /home/iwsatlas1/scyboz/Work/GCC-6.2.0/lib/gcc/x86_64-pc-linux-gnu/6.2.0/../../../../lib64/libgfortran.spec
rename spec lib to liborig
 /home/iwsatlas1/scyboz/Work/GCC-6.2.0/libexec/gcc/x86_64-pc-linux-gnu/6.2.0/collect2 -plugin /home/iwsatlas1/scyboz/Work/GCC-6.2.0/libexec/gcc/x86_64-pc-linux-gnu/6.2.0/liblto_plugin.so -plugin-opt=/home/iwsatlas1/scyboz/Work/GCC-6.2.0/libexec/gcc/x86_64-pc-linux-gnu/6.2.0/lto-wrapper -plugin-opt=-fresolution=/tmp/ccBdvse9.res -plugin-opt=-pass-through=-lgcc_s -plugin-opt=-pass-through=-lgcc -plugin-opt=-pass-through=-lquadmath -plugin-opt=-pass-through=-lm -plugin-opt=-pass-through=-lgcc_s -plugin-opt=-pass-through=-lgcc -plugin-opt=-pass-through=-lc -plugin-opt=-pass-through=-lgcc_s -plugin-opt=-pass-through=-lgcc --eh-frame-hdr -m elf_x86_64 -dynamic-linker /lib64/ld-linux-x86-64.so.2 -o conftest /usr/lib/x86_64-linux-gnu/crt1.o /usr/lib/x86_64-linux-gnu/crti.o /home/iwsatlas1/scyboz/Work/GCC-6.2.0/lib/gcc/x86_64-pc-linux-gnu/6.2.0/crtbegin.o -L/home/iwsatlas1/scyboz/Work/GCC-6.2.0/lib/gcc/x86_64-pc-linux-gnu/6.2.0 -L/home/iwsatlas1/scyboz/Work/GCC-6.2.0/lib/gcc/x86_64-pc-linux-gnu/6.2.0/../../../../lib64 -L/lib/x86_64-linux-gnu -L/lib/../lib64 -L/usr/lib/x86_64-linux-gnu -L/usr/lib/../lib64 -L/home/iwsatlas1/scyboz/Work/GCC-6.2.0/lib/gcc/x86_64-pc-linux-gnu/6.2.0/../../.. /tmp/ccbbREKs.o -lgfortran -lm -lgcc_s -lgcc -lquadmath -lm -lgcc_s -lgcc -lc -lgcc_s -lgcc /home/iwsatlas1/scyboz/Work/GCC-6.2.0/lib/gcc/x86_64-pc-linux-gnu/6.2.0/crtend.o /usr/lib/x86_64-linux-gnu/crtn.o
configure:3778: result:  -L/home/iwsatlas1/scyboz/Work/GCC-6.2.0/lib/gcc/x86_64-pc-linux-gnu/6.2.0 -L/home/iwsatlas1/scyboz/Work/GCC-6.2.0/lib/gcc/x86_64-pc-linux-gnu/6.2.0/../../../../lib64 -L/lib/x86_64-linux-gnu -L/lib/../lib64 -L/usr/lib/x86_64-linux-gnu -L/usr/lib/../lib64 -L/home/iwsatlas1/scyboz/Work/GCC-6.2.0/lib/gcc/x86_64-pc-linux-gnu/6.2.0/../../.. -lgfortran -lm -lquadmath
configure:3792: checking for Fortran flag to compile .f90 files
configure:3812: gfortran -c -g -O2  conftest.f90 >&5
configure:3812: $? = 0
configure:3821: result: none
configure:3846: checking for Fortran flag needed to accept free-form source
configure:3865: gfortran -c -g -O2  conftest.f90 >&5
configure:3865: $? = 0
configure:3874: result: none
configure:3899: checking for Fortran flag needed to accept unlimited column source lines
configure:3921: gfortran -c -g -O2  conftest.f90 >&5
conftest.f90:2:132:

       subroutine longer_than_132(arg1,arg2,arg3,arg4,arg5,arg6,arg7,arg8,arg9,arg10,arg11,arg12,arg13,arg14,arg15,arg16,arg17,arg18,arg19)
                                                                                                                                    1
Error: Line truncated at (1) [-Werror=line-truncation]
conftest.f90:2:132:

       subroutine longer_than_132(arg1,arg2,arg3,arg4,arg5,arg6,arg7,arg8,arg9,arg10,arg11,arg12,arg13,arg14,arg15,arg16,arg17,arg18,arg19)
                                                                                                                                    1
Error: Invalid character in name at (1)
conftest.f90:3:9:

       end subroutine
         1
Error: Expecting END PROGRAM statement at (1)
f951: some warnings being treated as errors
configure:3921: $? = 1
configure: failed program was:
| 
|       subroutine longer_than_132(arg1,arg2,arg3,arg4,arg5,arg6,arg7,arg8,arg9,arg10,arg11,arg12,arg13,arg14,arg15,arg16,arg17,arg18,arg19)
|       end subroutine
configure:3921: gfortran -c -g -O2 -ffree-line-length-none  conftest.f90 >&5
configure:3921: $? = 0
configure:3930: result: -ffree-line-length-none
configure:3993: checking how to print strings
configure:4020: result: printf
configure:4089: checking for gcc
configure:4116: result: gcc
configure:4345: checking for C compiler version
configure:4354: gcc --version >&5
gcc (GCC) 6.2.0
Copyright (C) 2016 Free Software Foundation, Inc.
This is free software; see the source for copying conditions.  There is NO
warranty; not even for MERCHANTABILITY or FITNESS FOR A PARTICULAR PURPOSE.

configure:4365: $? = 0
configure:4354: gcc -v >&5
Using built-in specs.
COLLECT_GCC=gcc
COLLECT_LTO_WRAPPER=/home/iwsatlas1/scyboz/Work/GCC-6.2.0/libexec/gcc/x86_64-pc-linux-gnu/6.2.0/lto-wrapper
Target: x86_64-pc-linux-gnu
Configured with: ./configure --prefix=/home/iwsatlas1/scyboz/Work/GCC-6.2.0 --with-gmp=/home/iwsatlas1/scyboz/Work/GMP-6.1.1/ --with-mpfr=/home/iwsatlas1/scyboz/Work/MPFR-3.1.5/ --with-mpc=/home/iwsatlas1/scyboz/Work/MPC-1.0/
Thread model: posix
gcc version 6.2.0 (GCC) 
configure:4365: $? = 0
configure:4354: gcc -V >&5
gcc: error: unrecognized command line option '-V'
gcc: fatal error: no input files
compilation terminated.
configure:4365: $? = 1
configure:4354: gcc -qversion >&5
gcc: error: unrecognized command line option '-qversion'; did you mean '--version'?
gcc: fatal error: no input files
compilation terminated.
configure:4365: $? = 1
configure:4369: checking whether we are using the GNU C compiler
configure:4388: gcc -c   conftest.c >&5
configure:4388: $? = 0
configure:4397: result: yes
configure:4406: checking whether gcc accepts -g
configure:4426: gcc -c -g  conftest.c >&5
configure:4426: $? = 0
configure:4467: result: yes
configure:4484: checking for gcc option to accept ISO C89
configure:4547: gcc  -c -g -O2  conftest.c >&5
configure:4547: $? = 0
configure:4560: result: none needed
configure:4584: checking whether gcc understands -c and -o together
configure:4606: gcc -c conftest.c -o conftest2.o
configure:4609: $? = 0
configure:4606: gcc -c conftest.c -o conftest2.o
configure:4609: $? = 0
configure:4621: result: yes
configure:4637: checking for a sed that does not truncate output
configure:4701: result: /bin/sed
configure:4719: checking for grep that handles long lines and -e
configure:4777: result: /bin/grep
configure:4782: checking for egrep
configure:4844: result: /bin/grep -E
configure:4849: checking for fgrep
configure:4911: result: /bin/grep -F
configure:4946: checking for ld used by gcc
configure:5013: result: /usr/bin/ld
configure:5020: checking if the linker (/usr/bin/ld) is GNU ld
configure:5035: result: yes
configure:5047: checking for BSD- or MS-compatible name lister (nm)
configure:5096: result: /usr/bin/nm -B
configure:5226: checking the name lister (/usr/bin/nm -B) interface
configure:5233: gfortran -c -g -O2 -ffree-line-length-none  conftest.f90 >&5
conftest.f90:1:0:

 int some_variable = 0;
 
Error: Unclassifiable statement at (1)
configure:5236: /usr/bin/nm -B "conftest.o"
/usr/bin/nm: 'conftest.o': No such file
configure:5239: output
configure:5246: result: BSD nm
configure:5249: checking whether ln -s works
configure:5253: result: yes
configure:5261: checking the maximum length of command line arguments
configure:5392: result: 1572864
configure:5409: checking whether the shell understands some XSI constructs
configure:5419: result: yes
configure:5423: checking whether the shell understands "+="
configure:5429: result: yes
configure:5464: checking how to convert x86_64-unknown-linux-gnu file names to x86_64-unknown-linux-gnu format
configure:5504: result: func_convert_file_noop
configure:5511: checking how to convert x86_64-unknown-linux-gnu file names to toolchain format
configure:5531: result: func_convert_file_noop
configure:5538: checking for /usr/bin/ld option to reload object files
configure:5545: result: -r
configure:5619: checking for objdump
configure:5635: found /usr/bin/objdump
configure:5646: result: objdump
configure:5678: checking how to recognize dependent libraries
configure:5876: result: pass_all
configure:5961: checking for dlltool
configure:5991: result: no
configure:6021: checking how to associate runtime and link libraries
configure:6048: result: printf %s\n
configure:6108: checking for ar
configure:6124: found /usr/bin/ar
configure:6135: result: ar
configure:6172: checking for archiver @FILE support
configure:6183: gfortran -c -g -O2 -ffree-line-length-none  conftest.f90 >&5
configure:6183: $? = 0
configure:6186: ar cru libconftest.a @conftest.lst >&5
configure:6189: $? = 0
configure:6194: ar cru libconftest.a @conftest.lst >&5
ar: conftest.o: No such file or directory
configure:6197: $? = 1
configure:6209: result: @
configure:6267: checking for strip
configure:6283: found /usr/bin/strip
configure:6294: result: strip
configure:6366: checking for ranlib
configure:6382: found /usr/bin/ranlib
configure:6393: result: ranlib
configure:6495: checking command to parse /usr/bin/nm -B output from gcc object
configure:6615: gfortran -c -g -O2 -ffree-line-length-none  conftest.f90 >&5
conftest.f90:1:2:

 #ifdef __cplusplus
  1
Warning: Illegal preprocessor directive
conftest.f90:3:2:

 #endif
  1
Warning: Illegal preprocessor directive
conftest.f90:7:2:

 #ifdef __cplusplus
  1
Warning: Illegal preprocessor directive
conftest.f90:9:2:

 #endif
  1
Warning: Illegal preprocessor directive
conftest.f90:2:0:

 extern "C" {
 
Error: Unclassifiable statement at (1)
conftest.f90:4:0:

 char nm_test_var;
 
Error: Unclassifiable statement at (1)
conftest.f90:5:0:

 void nm_test_func(void);
 
Error: Unclassifiable statement at (1)
conftest.f90:6:0:

 void nm_test_func(void){}
 
Error: Unclassifiable statement at (1)
conftest.f90:8:1:

 }
 1
Error: Invalid character in name at (1)
conftest.f90:10:0:

 int main(){nm_test_var='a';nm_test_func();return(0);}
 
Error: Unclassifiable statement at (1)
conftest.f90:10:27:

 int main(){nm_test_var='a';nm_test_func();return(0);}
                           1
Error: Unclassifiable statement at (1)
conftest.f90:10:48:

 int main(){nm_test_var='a';nm_test_func();return(0);}
                                                1
Error: Alternate RETURN statement at (1) is only allowed within a SUBROUTINE
conftest.f90:10:53:

 int main(){nm_test_var='a';nm_test_func();return(0);}
                                                     1
Error: Invalid character in name at (1)
configure:6618: $? = 1
: failed program was:
#ifdef __cplusplus
extern "C" {
#endif
char nm_test_var;
void nm_test_func(void);
void nm_test_func(void){}
#ifdef __cplusplus
}
#endif
int main(){nm_test_var='a';nm_test_func();return(0);}
configure:6615: gfortran -c -g -O2 -ffree-line-length-none  conftest.f90 >&5
conftest.f90:1:2:

 #ifdef __cplusplus
  1
Warning: Illegal preprocessor directive
conftest.f90:3:2:

 #endif
  1
Warning: Illegal preprocessor directive
conftest.f90:7:2:

 #ifdef __cplusplus
  1
Warning: Illegal preprocessor directive
conftest.f90:9:2:

 #endif
  1
Warning: Illegal preprocessor directive
conftest.f90:2:0:

 extern "C" {
 
Error: Unclassifiable statement at (1)
conftest.f90:4:0:

 char nm_test_var;
 
Error: Unclassifiable statement at (1)
conftest.f90:5:0:

 void nm_test_func(void);
 
Error: Unclassifiable statement at (1)
conftest.f90:6:0:

 void nm_test_func(void){}
 
Error: Unclassifiable statement at (1)
conftest.f90:8:1:

 }
 1
Error: Invalid character in name at (1)
conftest.f90:10:0:

 int main(){nm_test_var='a';nm_test_func();return(0);}
 
Error: Unclassifiable statement at (1)
conftest.f90:10:27:

 int main(){nm_test_var='a';nm_test_func();return(0);}
                           1
Error: Unclassifiable statement at (1)
conftest.f90:10:48:

 int main(){nm_test_var='a';nm_test_func();return(0);}
                                                1
Error: Alternate RETURN statement at (1) is only allowed within a SUBROUTINE
conftest.f90:10:53:

 int main(){nm_test_var='a';nm_test_func();return(0);}
                                                     1
Error: Invalid character in name at (1)
configure:6618: $? = 1
: failed program was:
#ifdef __cplusplus
extern "C" {
#endif
char nm_test_var;
void nm_test_func(void);
void nm_test_func(void){}
#ifdef __cplusplus
}
#endif
int main(){nm_test_var='a';nm_test_func();return(0);}
configure:6729: result: failed
configure:6769: checking for sysroot
configure:6799: result: no
configure:6877: gfortran -c -g -O2 -ffree-line-length-none  conftest.f90 >&5
conftest.f90:1:0:

 int i;
 
Error: Unclassifiable statement at (1)
configure:6880: $? = 1
configure:7069: checking for mt
configure:7085: found /bin/mt
configure:7096: result: mt
configure:7119: checking if mt is a manifest tool
configure:7125: mt '-?'
configure:7133: result: no
configure:7775: checking how to run the C preprocessor
configure:7806: gcc -E  conftest.c
configure:7806: $? = 0
configure:7820: gcc -E  conftest.c
conftest.c:9:28: fatal error: ac_nonexistent.h: No such file or directory
 #include <ac_nonexistent.h>
                            ^
compilation terminated.
configure:7820: $? = 1
configure: failed program was:
| /* confdefs.h */
| #define PACKAGE_NAME "GoSam_Process-gghh"
| #define PACKAGE_TARNAME "gosam_process-gghh"
| #define PACKAGE_VERSION "1.0"
| #define PACKAGE_STRING "GoSam_Process-gghh 1.0"
| #define PACKAGE_BUGREPORT "email@domain"
| #define PACKAGE_URL ""
| /* end confdefs.h.  */
| #include <ac_nonexistent.h>
configure:7845: result: gcc -E
configure:7865: gcc -E  conftest.c
configure:7865: $? = 0
configure:7879: gcc -E  conftest.c
conftest.c:9:28: fatal error: ac_nonexistent.h: No such file or directory
 #include <ac_nonexistent.h>
                            ^
compilation terminated.
configure:7879: $? = 1
configure: failed program was:
| /* confdefs.h */
| #define PACKAGE_NAME "GoSam_Process-gghh"
| #define PACKAGE_TARNAME "gosam_process-gghh"
| #define PACKAGE_VERSION "1.0"
| #define PACKAGE_STRING "GoSam_Process-gghh 1.0"
| #define PACKAGE_BUGREPORT "email@domain"
| #define PACKAGE_URL ""
| /* end confdefs.h.  */
| #include <ac_nonexistent.h>
configure:7908: checking for ANSI C header files
configure:7928: gcc -c -g -O2  conftest.c >&5
configure:7928: $? = 0
configure:8001: gcc -o conftest -g -O2   conftest.c  >&5
configure:8001: $? = 0
configure:8001: ./conftest
configure:8001: $? = 0
configure:8012: result: yes
configure:8025: checking for sys/types.h
configure:8025: gcc -c -g -O2  conftest.c >&5
configure:8025: $? = 0
configure:8025: result: yes
configure:8025: checking for sys/stat.h
configure:8025: gcc -c -g -O2  conftest.c >&5
configure:8025: $? = 0
configure:8025: result: yes
configure:8025: checking for stdlib.h
configure:8025: gcc -c -g -O2  conftest.c >&5
configure:8025: $? = 0
configure:8025: result: yes
configure:8025: checking for string.h
configure:8025: gcc -c -g -O2  conftest.c >&5
configure:8025: $? = 0
configure:8025: result: yes
configure:8025: checking for memory.h
configure:8025: gcc -c -g -O2  conftest.c >&5
configure:8025: $? = 0
configure:8025: result: yes
configure:8025: checking for strings.h
configure:8025: gcc -c -g -O2  conftest.c >&5
configure:8025: $? = 0
configure:8025: result: yes
configure:8025: checking for inttypes.h
configure:8025: gcc -c -g -O2  conftest.c >&5
configure:8025: $? = 0
configure:8025: result: yes
configure:8025: checking for stdint.h
configure:8025: gcc -c -g -O2  conftest.c >&5
configure:8025: $? = 0
configure:8025: result: yes
configure:8025: checking for unistd.h
configure:8025: gcc -c -g -O2  conftest.c >&5
configure:8025: $? = 0
configure:8025: result: yes
configure:8039: checking for dlfcn.h
configure:8039: gcc -c -g -O2  conftest.c >&5
configure:8039: $? = 0
configure:8039: result: yes
configure:8255: checking for objdir
configure:8270: result: .libs
configure:8541: checking if gcc supports -fno-rtti -fno-exceptions
configure:8559: gcc -c -g -O2  -fno-rtti -fno-exceptions conftest.c >&5
cc1: warning: command line option '-fno-rtti' is valid for C++/ObjC++ but not for C
configure:8563: $? = 0
configure:8576: result: no
configure:8903: checking for gcc option to produce PIC
configure:8910: result: -fPIC -DPIC
configure:8918: checking if gcc PIC flag -fPIC -DPIC works
configure:8936: gcc -c -g -O2  -fPIC -DPIC -DPIC conftest.c >&5
configure:8940: $? = 0
configure:8953: result: yes
configure:8982: checking if gcc static flag -static works
configure:9010: result: yes
configure:9025: checking if gcc supports -c -o file.o
configure:9046: gcc -c -g -O2  -o out/conftest2.o conftest.c >&5
configure:9050: $? = 0
configure:9072: result: yes
configure:9080: checking if gcc supports -c -o file.o
configure:9127: result: yes
configure:9160: checking whether the gcc linker (/usr/bin/ld) supports shared libraries
configure:10317: result: yes
configure:10354: checking whether -lc should be explicitly linked in
configure:10362: gcc -c -g -O2  conftest.c >&5
configure:10365: $? = 0
configure:10380: gcc -shared  -fPIC -DPIC conftest.o  -v -Wl,-soname -Wl,conftest -o conftest 2\>\&1 \| /bin/grep  -lc  \>/dev/null 2\>\&1
configure:10383: $? = 0
configure:10397: result: no
configure:10557: checking dynamic linker characteristics
configure:11057: gcc -o conftest -g -O2   -Wl,-rpath -Wl,/foo conftest.c  >&5
configure:11057: $? = 0
configure:11291: result: GNU/Linux ld.so
configure:11398: checking how to hardcode library paths into programs
configure:11423: result: immediate
configure:11963: checking whether stripping libraries is possible
configure:11968: result: yes
configure:12003: checking if libtool supports shared libraries
configure:12005: result: yes
configure:12008: checking whether to build shared libraries
configure:12029: result: yes
configure:12032: checking whether to build static libraries
configure:12036: result: yes
configure:12164: checking if libtool supports shared libraries
configure:12166: result: yes
configure:12169: checking whether to build shared libraries
configure:12189: result: yes
configure:12192: checking whether to build static libraries
configure:12196: result: yes
configure:12230: gfortran -c -g -O2 -ffree-line-length-none  conftest.f90 >&5
configure:12233: $? = 0
configure:12680: checking for gfortran option to produce PIC
configure:12687: result: -fPIC
configure:12695: checking if gfortran PIC flag -fPIC works
configure:12713: gfortran -c -g -O2 -ffree-line-length-none -fPIC  conftest.f90 >&5
configure:12717: $? = 0
configure:12730: result: yes
configure:12753: checking if gfortran static flag -static works
configure:12781: result: yes
configure:12793: checking if gfortran supports -c -o file.o
configure:12814: gfortran -c -g -O2 -ffree-line-length-none -o out/conftest2.o  conftest.f90 >&5
configure:12818: $? = 0
configure:12840: result: yes
configure:12845: checking if gfortran supports -c -o file.o
configure:12892: result: yes
configure:12922: checking whether the gfortran linker (/usr/bin/ld) supports shared libraries
configure:14029: result: yes
configure:14170: checking dynamic linker characteristics
configure:14832: result: GNU/Linux ld.so
configure:14885: checking how to hardcode library paths into programs
configure:14910: result: immediate
configure:14963: checking for latex
configure:14981: found /usr/bin/latex
configure:14994: result: /usr/bin/latex
configure:15004: checking for pstopdf
configure:15022: found /usr/bin/pstopdf
configure:15035: result: /usr/bin/pstopdf
configure:15045: checking for dvips
configure:15063: found /usr/bin/dvips
configure:15076: result: /usr/bin/dvips
configure:15086: checking for makeindex
configure:15104: found /usr/bin/makeindex
configure:15117: result: /usr/bin/makeindex
configure:15159: checking whether build environment is sane
configure:15214: result: yes
configure:15381: checking that generated files are newer than configure
configure:15387: result: done
configure:15413: checking that generated files are newer than configure
configure:15419: result: done
configure:15426: creating ./config.status

## ---------------------- ##
## Running config.status. ##
## ---------------------- ##

This file was extended by GoSam_Process-gghh config.status 1.0, which was
generated by GNU Autoconf 2.69.  Invocation command line was

  CONFIG_FILES    = 
  CONFIG_HEADERS  = 
  CONFIG_LINKS    = 
  CONFIG_COMMANDS = 
  $ ./config.status 

on pcatlas21

config.status:1082: creating Makefile
config.status:1082: creating config.sh
config.status:1082: creating doc/Makefile
config.status:1082: creating common/Makefile
config.status:1082: creating helicity0/Makefile
config.status:1082: creating matrix/Makefile
config.status:1254: executing libtool commands

## ---------------- ##
## Cache variables. ##
## ---------------- ##

ac_cv_build=x86_64-unknown-linux-gnu
ac_cv_c_compiler_gnu=yes
ac_cv_env_CC_set=set
ac_cv_env_CC_value=gcc
ac_cv_env_CFLAGS_set=
ac_cv_env_CFLAGS_value=
ac_cv_env_CPPFLAGS_set=
ac_cv_env_CPPFLAGS_value=
ac_cv_env_CPP_set=
ac_cv_env_CPP_value=
ac_cv_env_FCFLAGS_set=
ac_cv_env_FCFLAGS_value=
ac_cv_env_FC_set=set
ac_cv_env_FC_value=gfortran
ac_cv_env_LDFLAGS_set=
ac_cv_env_LDFLAGS_value=
ac_cv_env_LIBS_set=
ac_cv_env_LIBS_value=
ac_cv_env_build_alias_set=
ac_cv_env_build_alias_value=
ac_cv_env_host_alias_set=
ac_cv_env_host_alias_value=
ac_cv_env_target_alias_set=
ac_cv_env_target_alias_value=
ac_cv_fc_compiler_gnu=yes
ac_cv_fc_freeform=none
ac_cv_fc_libs=' -L/home/iwsatlas1/scyboz/Work/GCC-6.2.0/lib/gcc/x86_64-pc-linux-gnu/6.2.0 -L/home/iwsatlas1/scyboz/Work/GCC-6.2.0/lib/gcc/x86_64-pc-linux-gnu/6.2.0/../../../../lib64 -L/lib/x86_64-linux-gnu -L/lib/../lib64 -L/usr/lib/x86_64-linux-gnu -L/usr/lib/../lib64 -L/home/iwsatlas1/scyboz/Work/GCC-6.2.0/lib/gcc/x86_64-pc-linux-gnu/6.2.0/../../.. -lgfortran -lm -lquadmath'
ac_cv_fc_line_length=-ffree-line-length-none
ac_cv_fc_srcext_f90=none
ac_cv_header_dlfcn_h=yes
ac_cv_header_inttypes_h=yes
ac_cv_header_memory_h=yes
ac_cv_header_stdc=yes
ac_cv_header_stdint_h=yes
ac_cv_header_stdlib_h=yes
ac_cv_header_string_h=yes
ac_cv_header_strings_h=yes
ac_cv_header_sys_stat_h=yes
ac_cv_header_sys_types_h=yes
ac_cv_header_unistd_h=yes
ac_cv_host=x86_64-unknown-linux-gnu
ac_cv_objext=o
ac_cv_path_DVIPS=/usr/bin/dvips
ac_cv_path_EGREP='/bin/grep -E'
ac_cv_path_FGREP='/bin/grep -F'
ac_cv_path_GREP=/bin/grep
ac_cv_path_LATEX=/usr/bin/latex
ac_cv_path_MAKEINDEX=/usr/bin/makeindex
ac_cv_path_PSTOPDF=/usr/bin/pstopdf
ac_cv_path_SED=/bin/sed
ac_cv_path_install='/usr/bin/install -c'
ac_cv_path_mkdir=/bin/mkdir
ac_cv_prog_AWK=gawk
ac_cv_prog_CPP='gcc -E'
ac_cv_prog_ac_ct_AR=ar
ac_cv_prog_ac_ct_CC=gcc
ac_cv_prog_ac_ct_MANIFEST_TOOL=mt
ac_cv_prog_ac_ct_OBJDUMP=objdump
ac_cv_prog_ac_ct_RANLIB=ranlib
ac_cv_prog_ac_ct_STRIP=strip
ac_cv_prog_cc_c89=
ac_cv_prog_cc_g=yes
ac_cv_prog_fc_g=yes
ac_cv_prog_fc_v=-v
ac_cv_prog_make_make_set=yes
am_cv_make_support_nested_variables=yes
am_cv_prog_cc_c_o=yes
am_cv_prog_tar_pax=gnutar
lt_cv_ar_at_file=@
lt_cv_archive_cmds_need_lc=no
lt_cv_deplibs_check_method=pass_all
lt_cv_file_magic_cmd='$MAGIC_CMD'
lt_cv_file_magic_test_file=
lt_cv_ld_reload_flag=-r
lt_cv_nm_interface='BSD nm'
lt_cv_objdir=.libs
lt_cv_path_LD=/usr/bin/ld
lt_cv_path_NM='/usr/bin/nm -B'
lt_cv_path_mainfest_tool=no
lt_cv_prog_compiler_c_o=yes
lt_cv_prog_compiler_c_o_FC=yes
lt_cv_prog_compiler_pic='-fPIC -DPIC'
lt_cv_prog_compiler_pic_FC=-fPIC
lt_cv_prog_compiler_pic_works=yes
lt_cv_prog_compiler_pic_works_FC=yes
lt_cv_prog_compiler_rtti_exceptions=no
lt_cv_prog_compiler_static_works=yes
lt_cv_prog_compiler_static_works_FC=yes
lt_cv_prog_gnu_ld=yes
lt_cv_sharedlib_from_linklib_cmd='printf %s\n'
lt_cv_shlibpath_overrides_runpath=no
lt_cv_sys_global_symbol_pipe=
lt_cv_sys_global_symbol_to_c_name_address='sed -n -e '\''s/^: \([^ ]*\)[ ]*$/  {\"\1\", (void *) 0},/p'\'' -e '\''s/^[ABCDGIRSTW]* \([^ ]*\) \([^ ]*\)$/  {"\2", (void *) \&\2},/p'\'''
lt_cv_sys_global_symbol_to_c_name_address_lib_prefix='sed -n -e '\''s/^: \([^ ]*\)[ ]*$/  {\"\1\", (void *) 0},/p'\'' -e '\''s/^[ABCDGIRSTW]* \([^ ]*\) \(lib[^ ]*\)$/  {"\2", (void *) \&\2},/p'\'' -e '\''s/^[ABCDGIRSTW]* \([^ ]*\) \([^ ]*\)$/  {"lib\2", (void *) \&\2},/p'\'''
lt_cv_sys_global_symbol_to_cdecl=
lt_cv_sys_max_cmd_len=1572864
lt_cv_to_host_file_cmd=func_convert_file_noop
lt_cv_to_tool_file_cmd=func_convert_file_noop

## ----------------- ##
## Output variables. ##
## ----------------- ##

ACLOCAL='${SHELL} /home/iwsatlas1/scyboz/Work/HHPersonal/virtualEWChl/config.aux/missing aclocal-1.14'
AMTAR='$${TAR-tar}'
AM_BACKSLASH='\'
AM_DEFAULT_V='$(AM_DEFAULT_VERBOSITY)'
AM_DEFAULT_VERBOSITY='1'
AM_V='$(V)'
AR='ar'
AUTOCONF='${SHELL} /home/iwsatlas1/scyboz/Work/HHPersonal/virtualEWChl/config.aux/missing autoconf'
AUTOHEADER='${SHELL} /home/iwsatlas1/scyboz/Work/HHPersonal/virtualEWChl/config.aux/missing autoheader'
AUTOMAKE='${SHELL} /home/iwsatlas1/scyboz/Work/HHPersonal/virtualEWChl/config.aux/missing automake-1.14'
AWK='gawk'
CC='gcc'
CFLAGS='-g -O2'
CONFIG_MAKEINDEX_FALSE='#'
CONFIG_MAKEINDEX_TRUE=''
CONFIG_PDF_FALSE='#'
CONFIG_PDF_TRUE=''
CONFIG_PS_FALSE='#'
CONFIG_PS_TRUE=''
CONFIG_TEX_FALSE='#'
CONFIG_TEX_TRUE=''
CPP='gcc -E'
CPPFLAGS=''
CYGPATH_W='echo'
DEFS='-DPACKAGE_NAME=\"GoSam_Process-gghh\" -DPACKAGE_TARNAME=\"gosam_process-gghh\" -DPACKAGE_VERSION=\"1.0\" -DPACKAGE_STRING=\"GoSam_Process-gghh\ 1.0\" -DPACKAGE_BUGREPORT=\"email@domain\" -DPACKAGE_URL=\"\" -DSTDC_HEADERS=1 -DHAVE_SYS_TYPES_H=1 -DHAVE_SYS_STAT_H=1 -DHAVE_STDLIB_H=1 -DHAVE_STRING_H=1 -DHAVE_MEMORY_H=1 -DHAVE_STRINGS_H=1 -DHAVE_INTTYPES_H=1 -DHAVE_STDINT_H=1 -DHAVE_UNISTD_H=1 -DHAVE_DLFCN_H=1 -DLT_OBJDIR=\".libs/\"'
DLLTOOL='false'
DSYMUTIL=''
DUMPBIN=''
DVIPS='/usr/bin/dvips'
ECHO_C=''
ECHO_N='-n'
ECHO_T=''
EGREP='/bin/grep -E'
EXEEXT=''
FC='gfortran'
FCFLAGS='-g -O2 -ffree-line-length-none'
FCFLAGS_f90=''
FCLIBS=' -L/home/iwsatlas1/scyboz/Work/GCC-6.2.0/lib/gcc/x86_64-pc-linux-gnu/6.2.0 -L/home/iwsatlas1/scyboz/Work/GCC-6.2.0/lib/gcc/x86_64-pc-linux-gnu/6.2.0/../../../../lib64 -L/lib/x86_64-linux-gnu -L/lib/../lib64 -L/usr/lib/x86_64-linux-gnu -L/usr/lib/../lib64 -L/home/iwsatlas1/scyboz/Work/GCC-6.2.0/lib/gcc/x86_64-pc-linux-gnu/6.2.0/../../.. -lgfortran -lm -lquadmath'
FGREP='/bin/grep -F'
GENERIC_API_VERSION='1.0'
GENERIC_LIBRARY_NAME='golem_process_gghh'
GENERIC_LIBRARY_VERSION='1:0:0'
GENERIC_VERSION='1.0.0'
GOLEM_CONFIG_FCFLAGS=' 	-g -O2 -ffree-line-length-none 	-I/home/iwsatlas1/scyboz/Work/local/include/gosam-contrib 	-I/home/iwsatlas1/scyboz/Work/local/include/gosam-contrib 	-I/home/iwsatlas1/scyboz/Work/local/include/gosam-contrib 	-I/home/iwsatlas1/scyboz/Work/local/include/gosam-contrib'
GOLEM_CONFIG_LDFLAGS=' 	-L/home/iwsatlas1/scyboz/Work/local/lib -lavh_olo 	-L/home/iwsatlas1/scyboz/Work/local/lib -lff 	-L/home/iwsatlas1/scyboz/Work/local/lib -lavh_olo 	-L/home/iwsatlas1/scyboz/Work/local/lib -lqcdloop 	-L/home/iwsatlas1/scyboz/Work/local/lib -lninja 	-L/home/iwsatlas1/scyboz/Work/local/lib -lqcdloop'
GREP='/bin/grep'
INSTALL_DATA='${INSTALL} -m 644'
INSTALL_PROGRAM='${INSTALL}'
INSTALL_SCRIPT='${INSTALL}'
INSTALL_STRIP_PROGRAM='$(install_sh) -c -s'
LATEX='/usr/bin/latex'
LD='/usr/bin/ld'
LDFLAGS=''
LIBOBJS=''
LIBS=''
LIBTOOL='$(SHELL) $(top_builddir)/libtool'
LIPO=''
LN_S='ln -s'
LTLIBOBJS=''
MAKEINDEX='/usr/bin/makeindex'
MAKEINFO='${SHELL} /home/iwsatlas1/scyboz/Work/HHPersonal/virtualEWChl/config.aux/missing makeinfo'
MANIFEST_TOOL=':'
MKDIR_P='/bin/mkdir -p'
NM='/usr/bin/nm -B'
NMEDIT=''
OBJDUMP='objdump'
OBJEXT='o'
OTOOL64=''
OTOOL=''
PACKAGE='gosam_process-gghh'
PACKAGE_BUGREPORT='email@domain'
PACKAGE_NAME='GoSam_Process-gghh'
PACKAGE_STRING='GoSam_Process-gghh 1.0'
PACKAGE_TARNAME='gosam_process-gghh'
PACKAGE_URL=''
PACKAGE_VERSION='1.0'
PATH_SEPARATOR=':'
PSTOPDF='/usr/bin/pstopdf'
RANLIB='ranlib'
SED='/bin/sed'
SET_MAKE=''
SHELL='/bin/sh'
STRIP='strip'
VERSION='1.0'
ac_ct_AR='ar'
ac_ct_CC='gcc'
ac_ct_DUMPBIN=''
ac_ct_FC=''
am__EXEEXT_FALSE=''
am__EXEEXT_TRUE='#'
am__isrc=''
am__leading_dot='.'
am__tar='tar --format=posix -chf - "$$tardir"'
am__untar='tar -xf -'
bindir='${exec_prefix}/bin'
build='x86_64-unknown-linux-gnu'
build_alias=''
build_cpu='x86_64'
build_os='linux-gnu'
build_vendor='unknown'
datadir='${datarootdir}'
datarootdir='${prefix}/share'
docdir='${datarootdir}/doc/${PACKAGE_TARNAME}'
dvidir='${docdir}'
exec_prefix='${prefix}'
host='x86_64-unknown-linux-gnu'
host_alias=''
host_cpu='x86_64'
host_os='linux-gnu'
host_vendor='unknown'
htmldir='${docdir}'
includedir='${prefix}/include'
infodir='${datarootdir}/info'
install_sh='${SHELL} /home/iwsatlas1/scyboz/Work/HHPersonal/virtualEWChl/config.aux/install-sh'
libdir='${exec_prefix}/lib'
libexecdir='${exec_prefix}/libexec'
localedir='${datarootdir}/locale'
localstatedir='${prefix}/var'
mandir='${datarootdir}/man'
mkdir_p='$(MKDIR_P)'
oldincludedir='/usr/include'
pdfdir='${docdir}'
prefix='/usr/local'
program_transform_name='s,x,x,'
psdir='${docdir}'
sbindir='${exec_prefix}/sbin'
sharedstatedir='${prefix}/com'
sysconfdir='${prefix}/etc'
target_alias=''

## ----------- ##
## confdefs.h. ##
## ----------- ##

/* confdefs.h */
#define PACKAGE_NAME "GoSam_Process-gghh"
#define PACKAGE_TARNAME "gosam_process-gghh"
#define PACKAGE_VERSION "1.0"
#define PACKAGE_STRING "GoSam_Process-gghh 1.0"
#define PACKAGE_BUGREPORT "email@domain"
#define PACKAGE_URL ""
#define STDC_HEADERS 1
#define HAVE_SYS_TYPES_H 1
#define HAVE_SYS_STAT_H 1
#define HAVE_STDLIB_H 1
#define HAVE_STRING_H 1
#define HAVE_MEMORY_H 1
#define HAVE_STRINGS_H 1
#define HAVE_INTTYPES_H 1
#define HAVE_STDINT_H 1
#define HAVE_UNISTD_H 1
#define HAVE_DLFCN_H 1
#define LT_OBJDIR ".libs/"

configure: exit 0
