  
  -------------------------------------------------------
                        qgraf-3.1.4
  -------------------------------------------------------
  
 output = 'diagrams-0.hh';
 style = 'form.sty';
 model = 'model';
 in = g[k1], g[k2];
 out = H[k3], H[k4];
 loops=0;
 loop_momentum=p;
 options=onshell, nosnail;
 true=iprop[U,D,S,C,B,0,0];
 true=vsum[QED,2,2];
  
  -------------------------------------------------------
  
   23P  ---  7+  16-  ---  5N+  2C+  16C-
  
   140V  ---  3^111  4^28  5^1
  
  -------------------------------------------------------
  
    -   4^1   -   ---  0 diagrams
   3^2   -    -   ---  3 diagrams
  
   total =  3 diagrams
  
